c:\users\eng mahmoud\documents\visual studio 2015\projects\facebook system\debug\vc140.pdb
c:\users\eng mahmoud\documents\visual studio 2015\projects\facebook system\debug\replycontrol.obj
c:\users\eng mahmoud\documents\visual studio 2015\projects\facebook system\debug\reply.obj
c:\users\eng mahmoud\documents\visual studio 2015\projects\facebook system\debug\reactors.obj
c:\users\eng mahmoud\documents\visual studio 2015\projects\facebook system\debug\post.obj
c:\users\eng mahmoud\documents\visual studio 2015\projects\facebook system\debug\onemessage.obj
c:\users\eng mahmoud\documents\visual studio 2015\projects\facebook system\debug\newsfeed.obj
c:\users\eng mahmoud\documents\visual studio 2015\projects\facebook system\debug\messenger.obj
c:\users\eng mahmoud\documents\visual studio 2015\projects\facebook system\debug\login.obj
c:\users\eng mahmoud\documents\visual studio 2015\projects\facebook system\debug\home.obj
c:\users\eng mahmoud\documents\visual studio 2015\projects\facebook system\debug\fbaccount.obj
c:\users\eng mahmoud\documents\visual studio 2015\projects\facebook system\debug\facebooksys.obj
c:\users\eng mahmoud\documents\visual studio 2015\projects\facebook system\debug\conversationlastmessage.obj
c:\users\eng mahmoud\documents\visual studio 2015\projects\facebook system\debug\conversation.obj
c:\users\eng mahmoud\documents\visual studio 2015\projects\facebook system\debug\commentcontrol.obj
c:\users\eng mahmoud\documents\visual studio 2015\projects\facebook system\debug\comment.obj
c:\users\eng mahmoud\documents\visual studio 2015\projects\facebook system\debug\allconversations.obj
c:\users\eng mahmoud\documents\visual studio 2015\projects\facebook system\debug\accountslist.obj
c:\users\eng mahmoud\documents\visual studio 2015\projects\facebook system\debug\accountshow.obj
c:\users\eng mahmoud\documents\visual studio 2015\projects\facebook system\debug\accountsettings.obj
c:\users\eng mahmoud\documents\visual studio 2015\projects\facebook system\debug\accountcontrol.obj
c:\users\eng mahmoud\documents\visual studio 2015\projects\facebook system\debug\users.obj
c:\users\eng mahmoud\documents\visual studio 2015\projects\facebook system\debug\userprofile.obj
c:\users\eng mahmoud\documents\visual studio 2015\projects\facebook system\debug\userpost.obj
c:\users\eng mahmoud\documents\visual studio 2015\projects\facebook system\debug\sendmessage.obj
c:\users\eng mahmoud\documents\visual studio 2015\projects\facebook system\debug\seefriendship.obj
c:\users\eng mahmoud\documents\visual studio 2015\projects\facebook system\debug\.netframework,version=v4.5.2.assemblyattributes.obj
c:\users\eng mahmoud\documents\visual studio 2015\projects\facebook system\debug\.netframework,version=v4.5.2.assemblyattributes.asm
c:\users\eng mahmoud\documents\visual studio 2015\projects\facebook system\debug\registered_sucsses.obj
c:\users\eng mahmoud\documents\visual studio 2015\projects\facebook system\debug\bunifu_ui_v1.5.3.dll
c:\users\eng mahmoud\documents\visual studio 2015\projects\facebook system\debug\facebooksystem.accountcontrol.resources
c:\users\eng mahmoud\documents\visual studio 2015\projects\facebook system\debug\facebooksystem.accountsettings.resources
c:\users\eng mahmoud\documents\visual studio 2015\projects\facebook system\debug\facebooksystem.accountshow.resources
c:\users\eng mahmoud\documents\visual studio 2015\projects\facebook system\debug\facebooksystem.accountslist.resources
c:\users\eng mahmoud\documents\visual studio 2015\projects\facebook system\debug\facebooksystem.allconversations.resources
c:\users\eng mahmoud\documents\visual studio 2015\projects\facebook system\debug\facebooksystem.chat1.resources
c:\users\eng mahmoud\documents\visual studio 2015\projects\facebook system\debug\facebooksystem.chatmessage.resources
c:\users\eng mahmoud\documents\visual studio 2015\projects\facebook system\debug\facebooksystem.commentcontrol.resources
c:\users\eng mahmoud\documents\visual studio 2015\projects\facebook system\debug\facebooksystem.conversationlastmessage.resources
c:\users\eng mahmoud\documents\visual studio 2015\projects\facebook system\debug\facebooksystem.home.resources
c:\users\eng mahmoud\documents\visual studio 2015\projects\facebook system\debug\facebooksystem.login.resources
c:\users\eng mahmoud\documents\visual studio 2015\projects\facebook system\debug\facebooksystem.messenger.resources
c:\users\eng mahmoud\documents\visual studio 2015\projects\facebook system\debug\facebooksystem.newsfeed.resources
c:\users\eng mahmoud\documents\visual studio 2015\projects\facebook system\debug\facebooksystem.onemessage.resources
c:\users\eng mahmoud\documents\visual studio 2015\projects\facebook system\debug\facebooksystem.post.resources
c:\users\eng mahmoud\documents\visual studio 2015\projects\facebook system\debug\facebooksystem.replycontrol.resources
c:\users\eng mahmoud\documents\visual studio 2015\projects\facebook system\debug\facebooksystem.seefriendship.resources
c:\users\eng mahmoud\documents\visual studio 2015\projects\facebook system\debug\facebooksystem.sendmessage.resources
c:\users\eng mahmoud\documents\visual studio 2015\projects\facebook system\debug\facebooksystem.userprofile.resources
c:\users\eng mahmoud\documents\visual studio 2015\projects\facebook system\debug\facebooksystem.users.resources
c:\users\eng mahmoud\documents\visual studio 2015\projects\facebook system\debug\facebooksystem.registered_sucsses.resources
c:\users\eng mahmoud\documents\visual studio 2015\projects\facebook system\debug\facebook system.exe
c:\users\eng mahmoud\documents\visual studio 2015\projects\facebook system\debug\facebook system.pdb
c:\users\eng mahmoud\documents\visual studio 2015\projects\facebook system\debug\facebook system.tlog\metagen.write.1.tlog
c:\users\eng mahmoud\documents\visual studio 2015\projects\facebook system\debug\facebook system.vcxproj.generateresource.cache
c:\users\eng mahmoud\documents\visual studio 2015\projects\facebook system\debug\facebook system.vcxprojresolveassemblyreference.cache
c:\users\eng mahmoud\documents\visual studio 2015\projects\facebook system\debug\facebook system.exe.metagen
c:\users\eng mahmoud\documents\visual studio 2015\projects\facebook system\debug\facebook system.tlog\cl.command.1.tlog
c:\users\eng mahmoud\documents\visual studio 2015\projects\facebook system\debug\facebook system.tlog\cl.read.1.tlog
c:\users\eng mahmoud\documents\visual studio 2015\projects\facebook system\debug\facebook system.tlog\cl.write.1.tlog
c:\users\eng mahmoud\documents\visual studio 2015\projects\facebook system\debug\facebook system.tlog\facebook system.write.1u.tlog
c:\users\eng mahmoud\documents\visual studio 2015\projects\facebook system\debug\facebook system.tlog\link.command.1.tlog
c:\users\eng mahmoud\documents\visual studio 2015\projects\facebook system\debug\facebook system.tlog\link.read.1.tlog
c:\users\eng mahmoud\documents\visual studio 2015\projects\facebook system\debug\facebook system.tlog\link.write.1.tlog
c:\users\eng mahmoud\documents\visual studio 2015\projects\facebook system\debug\facebook system.tlog\metagen.read.1.tlog
c:\users\eng mahmoud\documents\visual studio 2015\projects\facebook system\debug\facebook system.tlog\bunifu_ui_v1.5.3.dll.metagen
c:\users\eng mahmoud\documents\visual studio 2015\projects\facebook system\debug\facebook system.tlog\tzres.dll.bi
